<?xml version="1.0" encoding="UTF-8"?>
<!-- Generated by org.testng.reporters.JUnitReportReporter -->
<testsuite skipped="0" hostname="LAPTOP-SG7OSF6S" name="testcases.TC003_CreateLead" tests="2" failures="0" timestamp="03 Jun 2018 07:15:11 GMT" time="45.197" errors="0">
  <testcase name="CreateLead" time="22.416" classname="testcases.TC003_CreateLead"/>
  <testcase name="CreateLead" time="22.781" classname="testcases.TC003_CreateLead"/>
</testsuite> <!-- testcases.TC003_CreateLead -->
